Server (re)started at: Fri Oct  8 18:18:30 UTC 2021
Server (re)started at: Mon Oct 18 15:40:35 UTC 2021
Server crashed at: Mon Oct 18 15:40:36 UTC 2021
Server (re)started at: Mon Oct 18 15:40:46 UTC 2021
Server crashed at: Mon Oct 18 15:40:46 UTC 2021
Server (re)started at: Mon Oct 18 15:40:56 UTC 2021
Server crashed at: Mon Oct 18 15:40:56 UTC 2021
Server (re)started at: Mon Oct 18 15:41:06 UTC 2021
Server crashed at: Mon Oct 18 15:41:06 UTC 2021
Server (re)started at: Mon Oct 18 15:41:16 UTC 2021
Server crashed at: Mon Oct 18 15:41:16 UTC 2021
Server (re)started at: Mon Oct 18 15:41:26 UTC 2021
Server crashed at: Mon Oct 18 15:41:26 UTC 2021
Server (re)started at: Mon Oct 18 15:41:36 UTC 2021
Server crashed at: Mon Oct 18 15:41:36 UTC 2021
Server (re)started at: Mon Oct 18 15:41:46 UTC 2021
Server crashed at: Mon Oct 18 15:41:47 UTC 2021
Server (re)started at: Mon Oct 18 15:41:57 UTC 2021
Server crashed at: Mon Oct 18 15:41:57 UTC 2021
Server (re)started at: Mon Oct 18 15:42:07 UTC 2021
Server crashed at: Mon Oct 18 15:42:07 UTC 2021
Server (re)started at: Mon Oct 18 15:42:17 UTC 2021
Server crashed at: Mon Oct 18 15:42:17 UTC 2021
Server (re)started at: Mon Oct 18 15:42:27 UTC 2021
Server crashed at: Mon Oct 18 15:42:27 UTC 2021
Server (re)started at: Mon Oct 18 15:42:37 UTC 2021
Server crashed at: Mon Oct 18 15:42:37 UTC 2021
Server (re)started at: Mon Oct 18 15:42:47 UTC 2021
Server crashed at: Mon Oct 18 15:42:47 UTC 2021
Server (re)started at: Mon Oct 18 15:42:57 UTC 2021
Server crashed at: Mon Oct 18 15:42:58 UTC 2021
Server (re)started at: Mon Oct 18 15:43:08 UTC 2021
Server crashed at: Mon Oct 18 15:43:08 UTC 2021
Server (re)started at: Mon Oct 18 15:43:18 UTC 2021
Server crashed at: Mon Oct 18 15:43:18 UTC 2021
Server (re)started at: Mon Oct 18 15:43:28 UTC 2021
Server crashed at: Mon Oct 18 15:43:28 UTC 2021
Server (re)started at: Mon Oct 18 15:43:31 UTC 2021
Server crashed at: Mon Oct 18 15:43:31 UTC 2021
Server (re)started at: Mon Oct 18 15:43:38 UTC 2021
Server crashed at: Mon Oct 18 15:43:38 UTC 2021
Server (re)started at: Mon Oct 18 15:43:42 UTC 2021
Server crashed at: Mon Oct 18 15:43:42 UTC 2021
Server (re)started at: Mon Oct 18 15:43:48 UTC 2021
Server crashed at: Mon Oct 18 15:43:48 UTC 2021
Server (re)started at: Mon Oct 18 15:43:52 UTC 2021
Server crashed at: Mon Oct 18 15:43:52 UTC 2021
Server (re)started at: Mon Oct 18 15:43:58 UTC 2021
Server (re)started at: Mon Oct 18 15:44:02 UTC 2021
Server crashed at: Mon Oct 18 15:44:02 UTC 2021
Server (re)started at: Mon Oct 18 15:44:34 UTC 2021
Server crashed at: Mon Oct 18 15:44:35 UTC 2021
Server (re)started at: Mon Oct 18 15:44:45 UTC 2021
Server crashed at: Mon Oct 18 15:44:45 UTC 2021
Server (re)started at: Mon Oct 18 15:44:55 UTC 2021
Server crashed at: Mon Oct 18 15:44:55 UTC 2021
Server (re)started at: Mon Oct 18 15:45:05 UTC 2021
Server crashed at: Mon Oct 18 15:45:05 UTC 2021
Server (re)started at: Mon Oct 18 15:45:15 UTC 2021
Server crashed at: Mon Oct 18 15:45:15 UTC 2021
Server (re)started at: Mon Oct 18 15:45:25 UTC 2021
Server crashed at: Mon Oct 18 15:45:25 UTC 2021
Server (re)started at: Mon Oct 18 15:45:35 UTC 2021
Server crashed at: Mon Oct 18 15:45:35 UTC 2021
Server (re)started at: Mon Oct 18 15:45:45 UTC 2021
Server crashed at: Mon Oct 18 15:45:46 UTC 2021
Server (re)started at: Mon Oct 18 15:45:56 UTC 2021
Server crashed at: Mon Oct 18 15:45:56 UTC 2021
Server (re)started at: Mon Oct 18 15:46:06 UTC 2021
Server crashed at: Mon Oct 18 15:46:06 UTC 2021
Server (re)started at: Tue Oct 19 18:41:23 UTC 2021
Server (re)started at: Tue Oct 19 19:17:12 UTC 2021
Server crashed at: Tue Oct 19 19:17:12 UTC 2021
Server (re)started at: Tue Oct 19 19:17:22 UTC 2021
Server crashed at: Tue Oct 19 19:17:22 UTC 2021
Server (re)started at: Tue Oct 19 19:17:32 UTC 2021
Server crashed at: Tue Oct 19 19:17:32 UTC 2021
Server (re)started at: Tue Oct 19 19:18:52 UTC 2021
Server crashed at: Tue Oct 19 19:18:52 UTC 2021
Server (re)started at: Tue Oct 19 19:19:02 UTC 2021
Server crashed at: Tue Oct 19 19:19:03 UTC 2021
Server (re)started at: Tue Oct 19 19:19:13 UTC 2021
Server crashed at: Tue Oct 19 19:19:13 UTC 2021
Server (re)started at: Tue Oct 19 19:19:23 UTC 2021
Server crashed at: Tue Oct 19 19:19:23 UTC 2021
Server (re)started at: Tue Oct 19 19:19:33 UTC 2021
Server crashed at: Tue Oct 19 19:19:33 UTC 2021
Server (re)started at: Tue Oct 19 19:19:43 UTC 2021
Server crashed at: Tue Oct 19 19:19:43 UTC 2021
Server (re)started at: Tue Oct 19 19:19:53 UTC 2021
Server crashed at: Tue Oct 19 19:19:53 UTC 2021
Server (re)started at: Tue Oct 19 19:20:03 UTC 2021
Server crashed at: Tue Oct 19 19:20:03 UTC 2021
Server (re)started at: Tue Oct 19 19:20:13 UTC 2021
Server crashed at: Tue Oct 19 19:20:14 UTC 2021
Server (re)started at: Tue Oct 19 19:20:24 UTC 2021
Server crashed at: Tue Oct 19 19:20:24 UTC 2021
Server (re)started at: Tue Oct 19 19:20:34 UTC 2021
Server crashed at: Tue Oct 19 19:20:34 UTC 2021
Server (re)started at: Tue Oct 19 19:20:44 UTC 2021
Server crashed at: Tue Oct 19 19:20:44 UTC 2021
Server (re)started at: Tue Oct 19 19:20:54 UTC 2021
Server crashed at: Tue Oct 19 19:20:54 UTC 2021
Server (re)started at: Tue Oct 19 19:21:04 UTC 2021
Server crashed at: Tue Oct 19 19:21:04 UTC 2021
Server (re)started at: Tue Oct 19 19:21:14 UTC 2021
Server crashed at: Tue Oct 19 19:21:14 UTC 2021
Server (re)started at: Tue Oct 19 19:21:24 UTC 2021
Server crashed at: Tue Oct 19 19:21:25 UTC 2021
Server (re)started at: Wed Oct 20 03:30:41 UTC 2021
